{"C:\\Users\\alexa\\OneDrive\\Área de Trabalho\\3.0.2\\src\\utils\\descontoCalculation.ts": {"path":"C:\\Users\\alexa\\OneDrive\\Área de Trabalho\\3.0.2\\src\\utils\\descontoCalculation.ts","statementMap":{"0":{"start":{"line":36,"column":2},"end":{"line":43,"column":null}},"1":{"start":{"line":38,"column":4},"end":{"line":38,"column":null}},"2":{"start":{"line":41,"column":31},"end":{"line":41,"column":null}},"3":{"start":{"line":42,"column":4},"end":{"line":42,"column":null}},"4":{"start":{"line":95,"column":29},"end":{"line":99,"column":null}},"5":{"start":{"line":102,"column":32},"end":{"line":102,"column":null}},"6":{"start":{"line":105,"column":16},"end":{"line":105,"column":null}},"7":{"start":{"line":108,"column":2},"end":{"line":117,"column":null}}},"fnMap":{"0":{"name":"calcularDescontoEmReais","decl":{"start":{"line":31,"column":16},"end":{"line":31,"column":null}},"loc":{"start":{"line":35,"column":10},"end":{"line":44,"column":null}},"line":35},"1":{"name":"calcularResumoValores","decl":{"start":{"line":88,"column":16},"end":{"line":88,"column":null}},"loc":{"start":{"line":93,"column":17},"end":{"line":118,"column":null}},"line":93}},"branchMap":{"0":{"loc":{"start":{"line":36,"column":2},"end":{"line":43,"column":null}},"type":"if","locations":[{"start":{"line":36,"column":2},"end":{"line":43,"column":null}},{"start":{"line":39,"column":9},"end":{"line":43,"column":null}}],"line":36},"1":{"loc":{"start":{"line":91,"column":2},"end":{"line":91,"column":null}},"type":"default-arg","locations":[{"start":{"line":91,"column":25},"end":{"line":91,"column":null}}],"line":91},"2":{"loc":{"start":{"line":92,"column":2},"end":{"line":92,"column":null}},"type":"default-arg","locations":[{"start":{"line":92,"column":26},"end":{"line":92,"column":null}}],"line":92}},"s":{"0":18,"1":8,"2":10,"3":10,"4":9,"5":9,"6":9,"7":9},"f":{"0":18,"1":9},"b":{"0":[8,10],"1":[9],"2":[9]},"meta":{"lastBranch":3,"lastFunction":2,"lastStatement":8,"seen":{"f:31:16:31:Infinity":0,"b:36:2:43:Infinity:39:9:43:Infinity":0,"s:36:2:43:Infinity":0,"s:38:4:38:Infinity":1,"s:41:31:41:Infinity":2,"s:42:4:42:Infinity":3,"f:88:16:88:Infinity":1,"b:91:25:91:Infinity":1,"b:92:26:92:Infinity":2,"s:95:29:99:Infinity":4,"s:102:32:102:Infinity":5,"s:105:16:105:Infinity":6,"s:108:2:117:Infinity":7}}}
,"C:\\Users\\alexa\\OneDrive\\Área de Trabalho\\3.0.2\\src\\utils\\descontoValidation.ts": {"path":"C:\\Users\\alexa\\OneDrive\\Área de Trabalho\\3.0.2\\src\\utils\\descontoValidation.ts","statementMap":{"0":{"start":{"line":49,"column":2},"end":{"line":54,"column":null}},"1":{"start":{"line":50,"column":4},"end":{"line":53,"column":null}},"2":{"start":{"line":57,"column":2},"end":{"line":71,"column":null}},"3":{"start":{"line":58,"column":4},"end":{"line":63,"column":null}},"4":{"start":{"line":59,"column":6},"end":{"line":62,"column":null}},"5":{"start":{"line":64,"column":2},"end":{"line":71,"column":null}},"6":{"start":{"line":65,"column":4},"end":{"line":70,"column":null}},"7":{"start":{"line":66,"column":6},"end":{"line":69,"column":null}},"8":{"start":{"line":73,"column":2},"end":{"line":73,"column":null}}},"fnMap":{"0":{"name":"validarDesconto","decl":{"start":{"line":43,"column":16},"end":{"line":43,"column":null}},"loc":{"start":{"line":47,"column":21},"end":{"line":74,"column":null}},"line":47}},"branchMap":{"0":{"loc":{"start":{"line":49,"column":2},"end":{"line":54,"column":null}},"type":"if","locations":[{"start":{"line":49,"column":2},"end":{"line":54,"column":null}},{"start":{},"end":{}}],"line":49},"1":{"loc":{"start":{"line":57,"column":2},"end":{"line":71,"column":null}},"type":"if","locations":[{"start":{"line":57,"column":2},"end":{"line":71,"column":null}},{"start":{"line":64,"column":2},"end":{"line":71,"column":null}}],"line":57},"2":{"loc":{"start":{"line":58,"column":4},"end":{"line":63,"column":null}},"type":"if","locations":[{"start":{"line":58,"column":4},"end":{"line":63,"column":null}},{"start":{},"end":{}}],"line":58},"3":{"loc":{"start":{"line":64,"column":2},"end":{"line":71,"column":null}},"type":"if","locations":[{"start":{"line":64,"column":2},"end":{"line":71,"column":null}},{"start":{},"end":{}}],"line":64},"4":{"loc":{"start":{"line":65,"column":4},"end":{"line":70,"column":null}},"type":"if","locations":[{"start":{"line":65,"column":4},"end":{"line":70,"column":null}},{"start":{},"end":{}}],"line":65}},"s":{"0":12,"1":3,"2":9,"3":5,"4":2,"5":4,"6":4,"7":1,"8":6},"f":{"0":12},"b":{"0":[3,9],"1":[5,4],"2":[2,3],"3":[4,0],"4":[1,3]},"meta":{"lastBranch":5,"lastFunction":1,"lastStatement":9,"seen":{"f:43:16:43:Infinity":0,"b:49:2:54:Infinity:undefined:undefined:undefined:undefined":0,"s:49:2:54:Infinity":0,"s:50:4:53:Infinity":1,"b:57:2:71:Infinity:64:2:71:Infinity":1,"s:57:2:71:Infinity":2,"b:58:4:63:Infinity:undefined:undefined:undefined:undefined":2,"s:58:4:63:Infinity":3,"s:59:6:62:Infinity":4,"b:64:2:71:Infinity:undefined:undefined:undefined:undefined":3,"s:64:2:71:Infinity":5,"b:65:4:70:Infinity:undefined:undefined:undefined:undefined":4,"s:65:4:70:Infinity":6,"s:66:6:69:Infinity":7,"s:73:2:73:Infinity":8}}}
}
